<?xml version="1.0" encoding="UTF-8"?>
<testsuite xmlns:xsi="http://www.w3.org/2001/XMLSchema-instance" xsi:noNamespaceSchemaLocation="https://maven.apache.org/surefire/maven-surefire-plugin/xsd/surefire-test-report.xsd" version="3.0.2" name="com.yassine.bookshop.BookshopApplicationTests" time="26.018" tests="1" errors="0" skipped="0" failures="0">
  <properties>
[...]
</properties>
  <testcase name="contextLoads" classname="com.yassine.bookshop.BookshopApplicationTests" time="2.437">
    <system-out><![CDATA[08:37:22.077 [main] INFO org.springframework.test.context.support.AnnotationConfigContextLoaderUtils -- Could not detect default configuration classes for test class [com.yassine.bookshop.BookshopApplicationTests]: BookshopApplicationTests does not declare any static, non-private, non-final, nested classes annotated with @Configuration.
08:37:22.675 [main] INFO org.springframework.boot.test.context.SpringBootTestContextBootstrapper -- Found @SpringBootConfiguration com.yassine.bookshop.BookshopApplication for test class com.yassine.bookshop.BookshopApplicationTests

  .   ____          _            __ _ _
 /\\ / ___'_ __ _ _(_)_ __  __ _ \ \ \ \
( ( )\___ | '_ | '_| | '_ \/ _` | \ \ \ \
 \\/  ___)| |_)| | | | | || (_| |  ) ) ) )
  '  |____| .__|_| |_|_| |_\__, | / / / /
 =========|_|==============|___/=/_/_/_/

 :: Spring Boot ::                (v4.0.3)

2026-02-21T08:37:25.190Z  INFO 125151 --- [bookshop] [           main] c.y.bookshop.BookshopApplicationTests    : Starting BookshopApplicationTests using Java 21.0.9 with PID 125151 (started by yassine in /home/yassine/IdeaProjects/Yassine/bookshop)
2026-02-21T08:37:25.211Z  INFO 125151 --- [bookshop] [           main] c.y.bookshop.BookshopApplicationTests    : No active profile set, falling back to 1 default profile: "default"
2026-02-21T08:37:30.354Z  INFO 125151 --- [bookshop] [           main] .s.d.r.c.RepositoryConfigurationDelegate : Bootstrapping Spring Data JPA repositories in DEFAULT mode.
2026-02-21T08:37:30.441Z  INFO 125151 --- [bookshop] [           main] .s.d.r.c.RepositoryConfigurationDelegate : Finished Spring Data repository scanning in 54 ms. Found 0 JPA repository interfaces.
2026-02-21T08:37:32.912Z  INFO 125151 --- [bookshop] [           main] com.zaxxer.hikari.HikariDataSource       : HikariPool-1 - Starting...
2026-02-21T08:37:33.733Z  INFO 125151 --- [bookshop] [           main] com.zaxxer.hikari.pool.HikariPool        : HikariPool-1 - Added connection com.mysql.cj.jdbc.ConnectionImpl@7b3a6e95
2026-02-21T08:37:33.740Z  INFO 125151 --- [bookshop] [           main] com.zaxxer.hikari.HikariDataSource       : HikariPool-1 - Start completed.
2026-02-21T08:37:33.919Z  INFO 125151 --- [bookshop] [           main] org.flywaydb.core.FlywayExecutor         : Database: jdbc:mysql://localhost:3360/bookshop?createDatabaseIfNotExist=true&useSSL=false&serverTimezone=UTC&allowPublicKeyRetrieval=true (MySQL 8.4)
2026-02-21T08:37:33.994Z  WARN 125151 --- [bookshop] [           main] o.f.c.internal.database.base.Database    : Using MySQL 8.4 which is newer than the version Flyway has been verified with. The latest verified version of MySQL is 8.1.
2026-02-21T08:37:34.218Z  INFO 125151 --- [bookshop] [           main] o.f.c.i.s.JdbcTableSchemaHistory         : Schema history table `bookshop`.`flyway_schema_history` does not exist yet
2026-02-21T08:37:34.257Z  INFO 125151 --- [bookshop] [           main] o.f.core.internal.command.DbValidate     : Successfully validated 2 migrations (execution time 00:00.163s)
2026-02-21T08:37:34.363Z  INFO 125151 --- [bookshop] [           main] o.f.c.i.s.JdbcTableSchemaHistory         : Creating Schema History table `bookshop`.`flyway_schema_history` ...
2026-02-21T08:37:34.616Z  INFO 125151 --- [bookshop] [           main] o.f.core.internal.command.DbMigrate      : Current version of schema `bookshop`: << Empty Schema >>
2026-02-21T08:37:34.697Z  INFO 125151 --- [bookshop] [           main] o.f.core.internal.command.DbMigrate      : Migrating schema `bookshop` to version "1 - create schema"
2026-02-21T08:37:35.172Z  INFO 125151 --- [bookshop] [           main] o.f.core.internal.command.DbMigrate      : Migrating schema `bookshop` to version "2 - mock data"
2026-02-21T08:37:35.345Z  INFO 125151 --- [bookshop] [           main] o.f.core.internal.command.DbMigrate      : Successfully applied 2 migrations to schema `bookshop`, now at version v2 (execution time 00:00.259s)
2026-02-21T08:37:35.787Z  INFO 125151 --- [bookshop] [           main] org.hibernate.orm.jpa                    : HHH008540: Processing PersistenceUnitInfo [name: default]
2026-02-21T08:37:36.034Z  INFO 125151 --- [bookshop] [           main] org.hibernate.orm.core                   : HHH000001: Hibernate ORM core version 7.2.4.Final
2026-02-21T08:37:38.121Z  INFO 125151 --- [bookshop] [           main] o.s.o.j.p.SpringPersistenceUnitInfo      : No LoadTimeWeaver setup: ignoring JPA class transformer
2026-02-21T08:37:38.530Z  INFO 125151 --- [bookshop] [           main] org.hibernate.orm.connections.pooling    : HHH10001005: Database info:
	Database JDBC URL [jdbc:mysql://localhost:3360/bookshop?createDatabaseIfNotExist=true&useSSL=false&serverTimezone=UTC&allowPublicKeyRetrieval=true]
	Database driver: MySQL Connector/J
	Database dialect: MySQLDialect
	Database version: 8.4.7
	Default catalog/schema: bookshop/undefined
	Autocommit mode: undefined/unknown
	Isolation level: REPEATABLE_READ [default REPEATABLE_READ]
	JDBC fetch size: none
	Pool: DataSourceConnectionProvider
	Minimum pool size: undefined/unknown
	Maximum pool size: undefined/unknown
2026-02-21T08:37:39.879Z  INFO 125151 --- [bookshop] [           main] org.hibernate.orm.core                   : HHH000489: No JTA platform available (set 'hibernate.transaction.jta.platform' to enable JTA platform integration)
2026-02-21T08:37:39.899Z  INFO 125151 --- [bookshop] [           main] j.LocalContainerEntityManagerFactoryBean : Initialized JPA EntityManagerFactory for persistence unit 'default'
2026-02-21T08:37:40.668Z  WARN 125151 --- [bookshop] [           main] JpaBaseConfiguration$JpaWebConfiguration : spring.jpa.open-in-view is enabled by default. Therefore, database queries may be performed during view rendering. Explicitly configure spring.jpa.open-in-view to disable this warning
2026-02-21T08:37:42.858Z  WARN 125151 --- [bookshop] [           main] .s.a.UserDetailsServiceAutoConfiguration : 

Using generated security password: 263ad8c8-9f5c-45ac-bbba-2af2ac824568

This generated password is for development use only. Your security configuration must be updated before running your application in production.

2026-02-21T08:37:43.086Z  INFO 125151 --- [bookshop] [           main] r$InitializeUserDetailsManagerConfigurer : Global AuthenticationManager configured with UserDetailsService bean with name inMemoryUserDetailsManager
2026-02-21T08:37:44.485Z  INFO 125151 --- [bookshop] [           main] c.y.bookshop.BookshopApplicationTests    : Started BookshopApplicationTests in 20.972 seconds (process running for 27.02)
]]></system-out>
    <system-err><![CDATA[Mockito is currently self-attaching to enable the inline-mock-maker. This will no longer work in future releases of the JDK. Please add Mockito as an agent to your build as described in Mockito's documentation: https://javadoc.io/doc/org.mockito/mockito-core/latest/org.mockito/org/mockito/Mockito.html#0.3
WARNING: A Java agent has been loaded dynamically (/home/yassine/.m2/repository/net/bytebuddy/byte-buddy-agent/1.17.8/byte-buddy-agent-1.17.8.jar)
WARNING: If a serviceability tool is in use, please run with -XX:+EnableDynamicAgentLoading to hide this warning
WARNING: If a serviceability tool is not in use, please run with -Djdk.instrument.traceUsage for more information
WARNING: Dynamic loading of agents will be disallowed by default in a future release
]]></system-err>
  </testcase>
</testsuite>